Active-HDL 8.3.2120.sp1.14.3884  2016-04-30 16:20:21

Elaboration top modules:
Architecture                  all_1(all_1)


---------------------------------------------------------------------------------------------------------------
Entity          | Architecture    | Library     | Info | Compiler Version                | Compilation Options
---------------------------------------------------------------------------------------------------------------
all_1           | all_1           | vagon_light |      | 8.3.2120.sp1.14.3884  (Windows) | -O3 -2002
PC              | pc              | vagon_light |      | 8.3.2120.sp1.14.3884  (Windows) | -O3 -2002
multiplex_1     | multiplex_1     | vagon_light |      | 8.3.2120.sp1.14.3884  (Windows) | -O3 -2002
adder           | adder           | vagon_light |      | 8.3.2120.sp1.14.3884  (Windows) | -O3 -2002
multiplex       | multiplex       | vagon_light |      | 8.3.2120.sp1.14.3884  (Windows) | -O3 -2002
instruction_mem | instruction_mem | vagon_light |      | 8.3.2120.sp1.14.3884  (Windows) | -O3 -2002
decoder         | decoder         | vagon_light |      | 8.3.2120.sp1.14.3884  (Windows) | -O3 -2002
reg_position    | reg_position    | vagon_light |      | 8.3.2120.sp1.14.3884  (Windows) | -O3 -2002
add_sub         | add_sub         | vagon_light |      | 8.3.2120.sp1.14.3884  (Windows) | -O3 -2002
comparator      | comparator      | vagon_light |      | 8.3.2120.sp1.14.3884  (Windows) | -O3 -2002
adder_1         | adder_1         | vagon_light |      | 8.3.2120.sp1.14.3884  (Windows) | -O3 -2002
---------------------------------------------------------------------------------------------------------------

---------------------------------------------------------------------------------------------------------------
VHDL Package                      | Library     | Info | Compiler Version                | Compilation Options
---------------------------------------------------------------------------------------------------------------
standard                          | std         |      |                                 | <unavailable>
TEXTIO                            | std         |      | 8.3.2120.sp1.14.3884  (Windows) | -2008
std_logic_1164                    | ieee        |      | 8.3.2120.sp1.14.3884  (Windows) | -2008
NUMERIC_STD                       | ieee        |      | 8.3.2120.sp1.14.3884  (Windows) | -2008
---------------------------------------------------------------------------------------------------------------

---------------------------------------------------------------------------------------------------------------
Library                           | Comment
---------------------------------------------------------------------------------------------------------------
ieee                              | Standard IEEE packages library
std                               | Standard VHDL library
vagon_light                       | None
---------------------------------------------------------------------------------------------------------------
